<?xml version="1.0" encoding="UTF-8"?>
<coverage generated="1688115805022" clover="3.2.0">
  <project timestamp="1688115805022" name="All files">
    <metrics statements="78" coveredstatements="67" conditionals="24" coveredconditionals="22" methods="32" coveredmethods="27" elements="134" coveredelements="116" complexity="0" loc="78" ncloc="78" packages="4" files="8" classes="8"/>
    <package name="components">
      <metrics statements="34" coveredstatements="32" conditionals="16" coveredconditionals="16" methods="16" coveredmethods="13"/>
      <file name="MissionDetails.jsx" path="C:\Users\MEGAGIG\Desktop\Microverse\Module 3\space-travellers\src\components\MissionDetails.jsx">
        <metrics statements="11" coveredstatements="9" conditionals="10" coveredconditionals="10" methods="3" coveredmethods="1"/>
        <line num="7" count="2" type="stmt"/>
        <line num="10" count="3" type="stmt"/>
        <line num="12" count="3" type="stmt"/>
        <line num="13" count="0" type="stmt"/>
        <line num="16" count="3" type="stmt"/>
        <line num="17" count="0" type="stmt"/>
        <line num="20" count="3" type="stmt"/>
        <line num="29" count="3" type="stmt"/>
        <line num="33" count="3" type="stmt"/>
        <line num="59" count="2" type="stmt"/>
        <line num="66" count="2" type="stmt"/>
      </file>
      <file name="Missions.jsx" path="C:\Users\MEGAGIG\Desktop\Microverse\Module 3\space-travellers\src\components\Missions.jsx">
        <metrics statements="4" coveredstatements="4" conditionals="0" coveredconditionals="0" methods="2" coveredmethods="2"/>
        <line num="6" count="1" type="stmt"/>
        <line num="7" count="1" type="stmt"/>
        <line num="17" count="2" type="stmt"/>
        <line num="29" count="1" type="stmt"/>
      </file>
      <file name="MyProfile.jsx" path="C:\Users\MEGAGIG\Desktop\Microverse\Module 3\space-travellers\src\components\MyProfile.jsx">
        <metrics statements="8" coveredstatements="8" conditionals="2" coveredconditionals="2" methods="6" coveredmethods="5"/>
        <line num="7" count="1" type="stmt"/>
        <line num="8" count="3" type="stmt"/>
        <line num="9" count="6" type="stmt"/>
        <line num="10" count="4" type="stmt"/>
        <line num="12" count="3" type="stmt"/>
        <line num="22" count="6" type="stmt"/>
        <line num="34" count="4" type="stmt"/>
        <line num="47" count="1" type="stmt"/>
      </file>
      <file name="Rocket.jsx" path="C:\Users\MEGAGIG\Desktop\Microverse\Module 3\space-travellers\src\components\Rocket.jsx">
        <metrics statements="7" coveredstatements="7" conditionals="4" coveredconditionals="4" methods="3" coveredmethods="3"/>
        <line num="6" count="2" type="stmt"/>
        <line num="9" count="6" type="stmt"/>
        <line num="11" count="6" type="stmt"/>
        <line num="12" count="1" type="stmt"/>
        <line num="15" count="6" type="stmt"/>
        <line num="38" count="1" type="stmt"/>
        <line num="48" count="2" type="stmt"/>
      </file>
      <file name="Rockets.jsx" path="C:\Users\MEGAGIG\Desktop\Microverse\Module 3\space-travellers\src\components\Rockets.jsx">
        <metrics statements="4" coveredstatements="4" conditionals="0" coveredconditionals="0" methods="2" coveredmethods="2"/>
        <line num="5" count="1" type="stmt"/>
        <line num="6" count="1" type="stmt"/>
        <line num="8" count="2" type="stmt"/>
        <line num="20" count="1" type="stmt"/>
      </file>
    </package>
    <package name="redux">
      <metrics statements="1" coveredstatements="1" conditionals="0" coveredconditionals="0" methods="0" coveredmethods="0"/>
      <file name="store.js" path="C:\Users\MEGAGIG\Desktop\Microverse\Module 3\space-travellers\src\redux\store.js">
        <metrics statements="1" coveredstatements="1" conditionals="0" coveredconditionals="0" methods="0" coveredmethods="0"/>
        <line num="5" count="1" type="stmt"/>
      </file>
    </package>
    <package name="redux.missions">
      <metrics statements="22" coveredstatements="19" conditionals="4" coveredconditionals="2" methods="8" coveredmethods="8"/>
      <file name="missionsSlice.js" path="C:\Users\MEGAGIG\Desktop\Microverse\Module 3\space-travellers\src\redux\missions\missionsSlice.js">
        <metrics statements="22" coveredstatements="19" conditionals="4" coveredconditionals="2" methods="8" coveredmethods="8"/>
        <line num="4" count="3" type="stmt"/>
        <line num="8" count="3" type="stmt"/>
        <line num="11" count="1" type="stmt"/>
        <line num="12" count="1" type="stmt"/>
        <line num="13" count="1" type="stmt"/>
        <line num="14" count="10" type="stmt"/>
        <line num="18" count="1" type="stmt"/>
        <line num="20" count="0" type="stmt"/>
        <line num="25" count="3" type="stmt"/>
        <line num="30" count="1" type="stmt"/>
        <line num="31" count="10" type="cond" truecount="1" falsecount="1"/>
        <line num="32" count="0" type="stmt"/>
        <line num="34" count="10" type="stmt"/>
        <line num="36" count="1" type="stmt"/>
        <line num="39" count="1" type="stmt"/>
        <line num="40" count="10" type="cond" truecount="1" falsecount="1"/>
        <line num="41" count="0" type="stmt"/>
        <line num="43" count="10" type="stmt"/>
        <line num="45" count="1" type="stmt"/>
        <line num="49" count="1" type="stmt"/>
        <line num="50" count="1" type="stmt"/>
        <line num="55" count="3" type="stmt"/>
      </file>
    </package>
    <package name="redux.rockets">
      <metrics statements="21" coveredstatements="15" conditionals="4" coveredconditionals="4" methods="8" coveredmethods="6"/>
      <file name="rocketSlice.js" path="C:\Users\MEGAGIG\Desktop\Microverse\Module 3\space-travellers\src\redux\rockets\rocketSlice.js">
        <metrics statements="21" coveredstatements="15" conditionals="4" coveredconditionals="4" methods="8" coveredmethods="6"/>
        <line num="3" count="4" type="stmt"/>
        <line num="5" count="4" type="stmt"/>
        <line num="6" count="0" type="stmt"/>
        <line num="7" count="0" type="stmt"/>
        <line num="8" count="0" type="stmt"/>
        <line num="9" count="0" type="stmt"/>
        <line num="13" count="0" type="stmt"/>
        <line num="15" count="0" type="stmt"/>
        <line num="19" count="4" type="stmt"/>
        <line num="22" count="4" type="stmt"/>
        <line num="27" count="1" type="stmt"/>
        <line num="28" count="2" type="cond" truecount="2" falsecount="0"/>
        <line num="29" count="1" type="stmt"/>
        <line num="31" count="1" type="stmt"/>
        <line num="33" count="1" type="stmt"/>
        <line num="36" count="1" type="stmt"/>
        <line num="38" count="2" type="cond" truecount="2" falsecount="0"/>
        <line num="44" count="3" type="stmt"/>
        <line num="45" count="1" type="stmt"/>
        <line num="50" count="4" type="stmt"/>
        <line num="51" count="4" type="stmt"/>
      </file>
    </package>
  </project>
</coverage>
