{"C:\\Users\\MEGAGIG\\Desktop\\Microverse\\Module 3\\space-travellers\\src\\components\\MissionDetails.jsx": {"path":"C:\\Users\\MEGAGIG\\Desktop\\Microverse\\Module 3\\space-travellers\\src\\components\\MissionDetails.jsx","statementMap":{"0":{"start":{"line":7,"column":23},"end":{"line":57,"column":1}},"1":{"start":{"line":10,"column":19},"end":{"line":10,"column":32}},"2":{"start":{"line":12,"column":21},"end":{"line":14,"column":3}},"3":{"start":{"line":13,"column":4},"end":{"line":13,"column":37}},"4":{"start":{"line":16,"column":22},"end":{"line":18,"column":3}},"5":{"start":{"line":17,"column":4},"end":{"line":17,"column":33}},"6":{"start":{"line":20,"column":17},"end":{"line":27,"column":3}},"7":{"start":{"line":29,"column":14},"end":{"line":31,"column":3}},"8":{"start":{"line":33,"column":2},"end":{"line":56,"column":4}},"9":{"start":{"line":59,"column":0},"end":{"line":64,"column":2}},"10":{"start":{"line":66,"column":0},"end":{"line":68,"column":2}}},"fnMap":{"0":{"name":"(anonymous_0)","decl":{"start":{"line":7,"column":23},"end":{"line":7,"column":24}},"loc":{"start":{"line":9,"column":6},"end":{"line":57,"column":1}},"line":9},"1":{"name":"(anonymous_1)","decl":{"start":{"line":12,"column":21},"end":{"line":12,"column":22}},"loc":{"start":{"line":12,"column":27},"end":{"line":14,"column":3}},"line":12},"2":{"name":"(anonymous_2)","decl":{"start":{"line":16,"column":22},"end":{"line":16,"column":23}},"loc":{"start":{"line":16,"column":28},"end":{"line":18,"column":3}},"line":16}},"branchMap":{"0":{"loc":{"start":{"line":21,"column":21},"end":{"line":21,"column":53}},"type":"cond-expr","locations":[{"start":{"line":21,"column":32},"end":{"line":21,"column":41}},{"start":{"line":21,"column":44},"end":{"line":21,"column":53}}],"line":21},"1":{"loc":{"start":{"line":30,"column":21},"end":{"line":30,"column":51}},"type":"cond-expr","locations":[{"start":{"line":30,"column":32},"end":{"line":30,"column":39}},{"start":{"line":30,"column":42},"end":{"line":30,"column":51}}],"line":30},"2":{"loc":{"start":{"line":38,"column":30},"end":{"line":38,"column":73}},"type":"cond-expr","locations":[{"start":{"line":38,"column":41},"end":{"line":38,"column":56}},{"start":{"line":38,"column":59},"end":{"line":38,"column":73}}],"line":38},"3":{"loc":{"start":{"line":41,"column":9},"end":{"line":43,"column":9}},"type":"binary-expr","locations":[{"start":{"line":41,"column":9},"end":{"line":41,"column":18}},{"start":{"line":42,"column":10},"end":{"line":42,"column":98}}],"line":41},"4":{"loc":{"start":{"line":44,"column":9},"end":{"line":53,"column":9}},"type":"binary-expr","locations":[{"start":{"line":44,"column":9},"end":{"line":44,"column":17}},{"start":{"line":45,"column":10},"end":{"line":52,"column":19}}],"line":44}},"s":{"0":2,"1":3,"2":3,"3":0,"4":3,"5":0,"6":3,"7":3,"8":3,"9":2,"10":2},"f":{"0":3,"1":0,"2":0},"b":{"0":[1,2],"1":[1,2],"2":[1,2],"3":[3,2],"4":[3,1]},"_coverageSchema":"1a1c01bbd47fc00a2c39e90264f33305004495a9","hash":"4893032fae83163e3def4c8b5046c3d7f7fa2036"}
,"C:\\Users\\MEGAGIG\\Desktop\\Microverse\\Module 3\\space-travellers\\src\\components\\Missions.jsx": {"path":"C:\\Users\\MEGAGIG\\Desktop\\Microverse\\Module 3\\space-travellers\\src\\components\\Missions.jsx","statementMap":{"0":{"start":{"line":6,"column":17},"end":{"line":27,"column":1}},"1":{"start":{"line":7,"column":2},"end":{"line":26,"column":10}},"2":{"start":{"line":17,"column":8},"end":{"line":23,"column":10}},"3":{"start":{"line":29,"column":0},"end":{"line":38,"column":2}}},"fnMap":{"0":{"name":"(anonymous_0)","decl":{"start":{"line":6,"column":17},"end":{"line":6,"column":18}},"loc":{"start":{"line":7,"column":2},"end":{"line":26,"column":10}},"line":7},"1":{"name":"(anonymous_1)","decl":{"start":{"line":16,"column":20},"end":{"line":16,"column":21}},"loc":{"start":{"line":17,"column":8},"end":{"line":23,"column":10}},"line":17}},"branchMap":{},"s":{"0":1,"1":1,"2":2,"3":1},"f":{"0":1,"1":2},"b":{},"_coverageSchema":"1a1c01bbd47fc00a2c39e90264f33305004495a9","hash":"12a8c713f919b35d6875916179c9cc0301f272f4"}
,"C:\\Users\\MEGAGIG\\Desktop\\Microverse\\Module 3\\space-travellers\\src\\components\\MyProfile.jsx": {"path":"C:\\Users\\MEGAGIG\\Desktop\\Microverse\\Module 3\\space-travellers\\src\\components\\MyProfile.jsx","statementMap":{"0":{"start":{"line":7,"column":18},"end":{"line":45,"column":1}},"1":{"start":{"line":8,"column":23},"end":{"line":8,"column":61}},"2":{"start":{"line":8,"column":46},"end":{"line":8,"column":60}},"3":{"start":{"line":9,"column":24},"end":{"line":9,"column":70}},"4":{"start":{"line":9,"column":53},"end":{"line":9,"column":69}},"5":{"start":{"line":10,"column":24},"end":{"line":10,"column":76}},"6":{"start":{"line":10,"column":51},"end":{"line":10,"column":75}},"7":{"start":{"line":12,"column":2},"end":{"line":44,"column":4}},"8":{"start":{"line":22,"column":12},"end":{"line":24,"column":17}},"9":{"start":{"line":34,"column":12},"end":{"line":39,"column":18}},"10":{"start":{"line":47,"column":0},"end":{"line":57,"column":2}}},"fnMap":{"0":{"name":"(anonymous_0)","decl":{"start":{"line":7,"column":18},"end":{"line":7,"column":19}},"loc":{"start":{"line":7,"column":35},"end":{"line":45,"column":1}},"line":7},"1":{"name":"(anonymous_1)","decl":{"start":{"line":8,"column":35},"end":{"line":8,"column":36}},"loc":{"start":{"line":8,"column":46},"end":{"line":8,"column":60}},"line":8},"2":{"name":"(anonymous_2)","decl":{"start":{"line":9,"column":40},"end":{"line":9,"column":41}},"loc":{"start":{"line":9,"column":53},"end":{"line":9,"column":69}},"line":9},"3":{"name":"(anonymous_3)","decl":{"start":{"line":10,"column":39},"end":{"line":10,"column":40}},"loc":{"start":{"line":10,"column":51},"end":{"line":10,"column":75}},"line":10},"4":{"name":"(anonymous_4)","decl":{"start":{"line":21,"column":29},"end":{"line":21,"column":30}},"loc":{"start":{"line":22,"column":12},"end":{"line":24,"column":17}},"line":22},"5":{"name":"(anonymous_5)","decl":{"start":{"line":33,"column":28},"end":{"line":33,"column":29}},"loc":{"start":{"line":34,"column":12},"end":{"line":39,"column":18}},"line":34}},"branchMap":{"0":{"loc":{"start":{"line":30,"column":9},"end":{"line":41,"column":9}},"type":"cond-expr","locations":[{"start":{"line":31,"column":10},"end":{"line":31,"column":72}},{"start":{"line":33,"column":10},"end":{"line":40,"column":12}}],"line":30}},"s":{"0":1,"1":3,"2":0,"3":3,"4":6,"5":3,"6":4,"7":3,"8":6,"9":4,"10":1},"f":{"0":3,"1":0,"2":6,"3":4,"4":6,"5":4},"b":{"0":[1,2]},"_coverageSchema":"1a1c01bbd47fc00a2c39e90264f33305004495a9","hash":"2dcced8e6a2983ed0be0b8efc82169c7dad7850c"}
,"C:\\Users\\MEGAGIG\\Desktop\\Microverse\\Module 3\\space-travellers\\src\\components\\Rocket.jsx": {"path":"C:\\Users\\MEGAGIG\\Desktop\\Microverse\\Module 3\\space-travellers\\src\\components\\Rocket.jsx","statementMap":{"0":{"start":{"line":6,"column":15},"end":{"line":46,"column":1}},"1":{"start":{"line":9,"column":19},"end":{"line":9,"column":32}},"2":{"start":{"line":11,"column":30},"end":{"line":13,"column":3}},"3":{"start":{"line":12,"column":4},"end":{"line":12,"column":42}},"4":{"start":{"line":15,"column":2},"end":{"line":45,"column":4}},"5":{"start":{"line":38,"column":29},"end":{"line":38,"column":62}},"6":{"start":{"line":48,"column":0},"end":{"line":54,"column":2}}},"fnMap":{"0":{"name":"(anonymous_0)","decl":{"start":{"line":6,"column":15},"end":{"line":6,"column":16}},"loc":{"start":{"line":8,"column":6},"end":{"line":46,"column":1}},"line":8},"1":{"name":"(anonymous_1)","decl":{"start":{"line":11,"column":30},"end":{"line":11,"column":31}},"loc":{"start":{"line":11,"column":36},"end":{"line":13,"column":3}},"line":11},"2":{"name":"(anonymous_2)","decl":{"start":{"line":38,"column":23},"end":{"line":38,"column":24}},"loc":{"start":{"line":38,"column":29},"end":{"line":38,"column":62}},"line":38}},"branchMap":{"0":{"loc":{"start":{"line":21,"column":11},"end":{"line":21,"column":62}},"type":"binary-expr","locations":[{"start":{"line":21,"column":11},"end":{"line":21,"column":19}},{"start":{"line":21,"column":23},"end":{"line":21,"column":62}}],"line":21},"1":{"loc":{"start":{"line":24,"column":9},"end":{"line":42,"column":11}},"type":"cond-expr","locations":[{"start":{"line":26,"column":12},"end":{"line":32,"column":21}},{"start":{"line":35,"column":12},"end":{"line":41,"column":21}}],"line":24}},"s":{"0":2,"1":6,"2":6,"3":1,"4":6,"5":1,"6":2},"f":{"0":6,"1":1,"2":1},"b":{"0":[6,3],"1":[3,3]},"_coverageSchema":"1a1c01bbd47fc00a2c39e90264f33305004495a9","hash":"f44ac291e61f6c19e49346df34bc1c575418f46b"}
,"C:\\Users\\MEGAGIG\\Desktop\\Microverse\\Module 3\\space-travellers\\src\\components\\Rockets.jsx": {"path":"C:\\Users\\MEGAGIG\\Desktop\\Microverse\\Module 3\\space-travellers\\src\\components\\Rockets.jsx","statementMap":{"0":{"start":{"line":5,"column":16},"end":{"line":18,"column":1}},"1":{"start":{"line":6,"column":2},"end":{"line":17,"column":8}},"2":{"start":{"line":8,"column":6},"end":{"line":15,"column":8}},"3":{"start":{"line":20,"column":0},"end":{"line":30,"column":2}}},"fnMap":{"0":{"name":"(anonymous_0)","decl":{"start":{"line":5,"column":16},"end":{"line":5,"column":17}},"loc":{"start":{"line":6,"column":2},"end":{"line":17,"column":8}},"line":6},"1":{"name":"(anonymous_1)","decl":{"start":{"line":7,"column":17},"end":{"line":7,"column":18}},"loc":{"start":{"line":8,"column":6},"end":{"line":15,"column":8}},"line":8}},"branchMap":{},"s":{"0":1,"1":1,"2":2,"3":1},"f":{"0":1,"1":2},"b":{},"_coverageSchema":"1a1c01bbd47fc00a2c39e90264f33305004495a9","hash":"ba52fcd7c16a1a203bae631c412f55f1b4aa0873"}
,"C:\\Users\\MEGAGIG\\Desktop\\Microverse\\Module 3\\space-travellers\\src\\redux\\store.js": {"path":"C:\\Users\\MEGAGIG\\Desktop\\Microverse\\Module 3\\space-travellers\\src\\redux\\store.js","statementMap":{"0":{"start":{"line":5,"column":14},"end":{"line":10,"column":2}}},"fnMap":{},"branchMap":{},"s":{"0":1},"f":{},"b":{},"_coverageSchema":"1a1c01bbd47fc00a2c39e90264f33305004495a9","hash":"9b2a21e7a512b1582fa4008e6a926c8ea127532a"}
,"C:\\Users\\MEGAGIG\\Desktop\\Microverse\\Module 3\\space-travellers\\src\\redux\\missions\\missionsSlice.js": {"path":"C:\\Users\\MEGAGIG\\Desktop\\Microverse\\Module 3\\space-travellers\\src\\redux\\missions\\missionsSlice.js","statementMap":{"0":{"start":{"line":4,"column":21},"end":{"line":6,"column":1}},"1":{"start":{"line":8,"column":29},"end":{"line":25,"column":1}},"2":{"start":{"line":11,"column":4},"end":{"line":23,"column":5}},"3":{"start":{"line":12,"column":23},"end":{"line":14,"column":7}},"4":{"start":{"line":15,"column":23},"end":{"line":15,"column":36}},"5":{"start":{"line":16,"column":30},"end":{"line":19,"column":9}},"6":{"start":{"line":16,"column":57},"end":{"line":19,"column":7}},"7":{"start":{"line":20,"column":6},"end":{"line":20,"column":29}},"8":{"start":{"line":22,"column":6},"end":{"line":22,"column":19}},"9":{"start":{"line":27,"column":22},"end":{"line":55,"column":2}},"10":{"start":{"line":32,"column":23},"end":{"line":37,"column":8}},"11":{"start":{"line":33,"column":8},"end":{"line":35,"column":9}},"12":{"start":{"line":34,"column":10},"end":{"line":34,"column":48}},"13":{"start":{"line":36,"column":8},"end":{"line":36,"column":23}},"14":{"start":{"line":38,"column":6},"end":{"line":38,"column":46}},"15":{"start":{"line":41,"column":23},"end":{"line":46,"column":8}},"16":{"start":{"line":42,"column":8},"end":{"line":44,"column":9}},"17":{"start":{"line":43,"column":10},"end":{"line":43,"column":49}},"18":{"start":{"line":45,"column":8},"end":{"line":45,"column":23}},"19":{"start":{"line":47,"column":6},"end":{"line":47,"column":46}},"20":{"start":{"line":51,"column":4},"end":{"line":53,"column":7}},"21":{"start":{"line":52,"column":6},"end":{"line":52,"column":38}},"22":{"start":{"line":57,"column":54},"end":{"line":57,"column":75}}},"fnMap":{"0":{"name":"(anonymous_0)","decl":{"start":{"line":10,"column":2},"end":{"line":10,"column":3}},"loc":{"start":{"line":10,"column":14},"end":{"line":24,"column":3}},"line":10},"1":{"name":"(anonymous_1)","decl":{"start":{"line":16,"column":43},"end":{"line":16,"column":44}},"loc":{"start":{"line":16,"column":57},"end":{"line":19,"column":7}},"line":16},"2":{"name":"(anonymous_2)","decl":{"start":{"line":31,"column":24},"end":{"line":31,"column":25}},"loc":{"start":{"line":31,"column":43},"end":{"line":39,"column":5}},"line":31},"3":{"name":"(anonymous_3)","decl":{"start":{"line":32,"column":42},"end":{"line":32,"column":43}},"loc":{"start":{"line":32,"column":55},"end":{"line":37,"column":7}},"line":32},"4":{"name":"(anonymous_4)","decl":{"start":{"line":40,"column":20},"end":{"line":40,"column":21}},"loc":{"start":{"line":40,"column":39},"end":{"line":48,"column":5}},"line":40},"5":{"name":"(anonymous_5)","decl":{"start":{"line":41,"column":42},"end":{"line":41,"column":43}},"loc":{"start":{"line":41,"column":55},"end":{"line":46,"column":7}},"line":41},"6":{"name":"(anonymous_6)","decl":{"start":{"line":50,"column":17},"end":{"line":50,"column":18}},"loc":{"start":{"line":50,"column":30},"end":{"line":54,"column":3}},"line":50},"7":{"name":"(anonymous_7)","decl":{"start":{"line":51,"column":45},"end":{"line":51,"column":46}},"loc":{"start":{"line":51,"column":64},"end":{"line":53,"column":5}},"line":51}},"branchMap":{"0":{"loc":{"start":{"line":33,"column":8},"end":{"line":35,"column":9}},"type":"if","locations":[{"start":{"line":33,"column":8},"end":{"line":35,"column":9}},{"start":{},"end":{}}],"line":33},"1":{"loc":{"start":{"line":42,"column":8},"end":{"line":44,"column":9}},"type":"if","locations":[{"start":{"line":42,"column":8},"end":{"line":44,"column":9}},{"start":{},"end":{}}],"line":42}},"s":{"0":3,"1":3,"2":1,"3":1,"4":1,"5":1,"6":10,"7":1,"8":0,"9":3,"10":1,"11":10,"12":0,"13":10,"14":1,"15":1,"16":10,"17":0,"18":10,"19":1,"20":1,"21":1,"22":3},"f":{"0":1,"1":10,"2":1,"3":10,"4":1,"5":10,"6":1,"7":1},"b":{"0":[0,10],"1":[0,10]},"_coverageSchema":"1a1c01bbd47fc00a2c39e90264f33305004495a9","hash":"0826c49cf0df7892aa214f266bda58f5524808e7"}
,"C:\\Users\\MEGAGIG\\Desktop\\Microverse\\Module 3\\space-travellers\\src\\redux\\rockets\\rocketSlice.js": {"path":"C:\\Users\\MEGAGIG\\Desktop\\Microverse\\Module 3\\space-travellers\\src\\redux\\rockets\\rocketSlice.js","statementMap":{"0":{"start":{"line":3,"column":16},"end":{"line":3,"column":55}},"1":{"start":{"line":5,"column":28},"end":{"line":17,"column":2}},"2":{"start":{"line":6,"column":2},"end":{"line":16,"column":3}},"3":{"start":{"line":7,"column":21},"end":{"line":7,"column":41}},"4":{"start":{"line":8,"column":20},"end":{"line":8,"column":41}},"5":{"start":{"line":9,"column":27},"end":{"line":12,"column":7}},"6":{"start":{"line":9,"column":52},"end":{"line":12,"column":5}},"7":{"start":{"line":13,"column":4},"end":{"line":13,"column":26}},"8":{"start":{"line":15,"column":4},"end":{"line":15,"column":31}},"9":{"start":{"line":19,"column":21},"end":{"line":21,"column":1}},"10":{"start":{"line":22,"column":27},"end":{"line":48,"column":2}},"11":{"start":{"line":27,"column":23},"end":{"line":32,"column":8}},"12":{"start":{"line":28,"column":8},"end":{"line":30,"column":9}},"13":{"start":{"line":29,"column":10},"end":{"line":29,"column":47}},"14":{"start":{"line":31,"column":8},"end":{"line":31,"column":22}},"15":{"start":{"line":33,"column":6},"end":{"line":33,"column":45}},"16":{"start":{"line":36,"column":43},"end":{"line":41,"column":5}},"17":{"start":{"line":38,"column":46},"end":{"line":40,"column":40}},"18":{"start":{"line":44,"column":4},"end":{"line":46,"column":7}},"19":{"start":{"line":45,"column":6},"end":{"line":45,"column":37}},"20":{"start":{"line":50,"column":23},"end":{"line":50,"column":42}},"21":{"start":{"line":51,"column":52},"end":{"line":51,"column":71}}},"fnMap":{"0":{"name":"(anonymous_0)","decl":{"start":{"line":5,"column":69},"end":{"line":5,"column":70}},"loc":{"start":{"line":5,"column":81},"end":{"line":17,"column":1}},"line":5},"1":{"name":"(anonymous_1)","decl":{"start":{"line":9,"column":39},"end":{"line":9,"column":40}},"loc":{"start":{"line":9,"column":52},"end":{"line":12,"column":5}},"line":9},"2":{"name":"(anonymous_2)","decl":{"start":{"line":26,"column":19},"end":{"line":26,"column":20}},"loc":{"start":{"line":26,"column":38},"end":{"line":34,"column":5}},"line":26},"3":{"name":"(anonymous_3)","decl":{"start":{"line":27,"column":41},"end":{"line":27,"column":42}},"loc":{"start":{"line":27,"column":53},"end":{"line":32,"column":7}},"line":27},"4":{"name":"(anonymous_4)","decl":{"start":{"line":36,"column":23},"end":{"line":36,"column":24}},"loc":{"start":{"line":36,"column":43},"end":{"line":41,"column":5}},"line":36},"5":{"name":"(anonymous_5)","decl":{"start":{"line":38,"column":33},"end":{"line":38,"column":34}},"loc":{"start":{"line":38,"column":46},"end":{"line":40,"column":40}},"line":38},"6":{"name":"(anonymous_6)","decl":{"start":{"line":43,"column":17},"end":{"line":43,"column":18}},"loc":{"start":{"line":43,"column":30},"end":{"line":47,"column":3}},"line":43},"7":{"name":"(anonymous_7)","decl":{"start":{"line":44,"column":44},"end":{"line":44,"column":45}},"loc":{"start":{"line":44,"column":63},"end":{"line":46,"column":5}},"line":44}},"branchMap":{"0":{"loc":{"start":{"line":28,"column":8},"end":{"line":30,"column":9}},"type":"if","locations":[{"start":{"line":28,"column":8},"end":{"line":30,"column":9}},{"start":{},"end":{}}],"line":28},"1":{"loc":{"start":{"line":38,"column":46},"end":{"line":40,"column":40}},"type":"cond-expr","locations":[{"start":{"line":39,"column":10},"end":{"line":39,"column":16}},{"start":{"line":40,"column":10},"end":{"line":40,"column":40}}],"line":38}},"s":{"0":4,"1":4,"2":0,"3":0,"4":0,"5":0,"6":0,"7":0,"8":0,"9":4,"10":4,"11":1,"12":2,"13":1,"14":1,"15":1,"16":1,"17":2,"18":3,"19":1,"20":4,"21":4},"f":{"0":0,"1":0,"2":1,"3":2,"4":1,"5":2,"6":3,"7":1},"b":{"0":[1,1],"1":[1,1]},"_coverageSchema":"1a1c01bbd47fc00a2c39e90264f33305004495a9","hash":"efcf2342260d7a186c78064343426efdad689b43"}
}
