TN:
SF:src\components\MissionDetails.jsx
FN:7,(anonymous_0)
FN:12,(anonymous_1)
FN:16,(anonymous_2)
FNF:3
FNH:1
FNDA:3,(anonymous_0)
FNDA:0,(anonymous_1)
FNDA:0,(anonymous_2)
DA:7,2
DA:10,3
DA:12,3
DA:13,0
DA:16,3
DA:17,0
DA:20,3
DA:29,3
DA:33,3
DA:59,2
DA:66,2
LF:11
LH:9
BRDA:21,0,0,1
BRDA:21,0,1,2
BRDA:30,1,0,1
BRDA:30,1,1,2
BRDA:38,2,0,1
BRDA:38,2,1,2
BRDA:41,3,0,3
BRDA:41,3,1,2
BRDA:44,4,0,3
BRDA:44,4,1,1
BRF:10
BRH:10
end_of_record
TN:
SF:src\components\Missions.jsx
FN:6,(anonymous_0)
FN:16,(anonymous_1)
FNF:2
FNH:2
FNDA:1,(anonymous_0)
FNDA:2,(anonymous_1)
DA:6,1
DA:7,1
DA:17,2
DA:29,1
LF:4
LH:4
BRF:0
BRH:0
end_of_record
TN:
SF:src\components\MyProfile.jsx
FN:7,(anonymous_0)
FN:8,(anonymous_1)
FN:9,(anonymous_2)
FN:10,(anonymous_3)
FN:21,(anonymous_4)
FN:33,(anonymous_5)
FNF:6
FNH:5
FNDA:3,(anonymous_0)
FNDA:0,(anonymous_1)
FNDA:6,(anonymous_2)
FNDA:4,(anonymous_3)
FNDA:6,(anonymous_4)
FNDA:4,(anonymous_5)
DA:7,1
DA:8,3
DA:9,6
DA:10,4
DA:12,3
DA:22,6
DA:34,4
DA:47,1
LF:8
LH:8
BRDA:30,0,0,1
BRDA:30,0,1,2
BRF:2
BRH:2
end_of_record
TN:
SF:src\components\Rocket.jsx
FN:6,(anonymous_0)
FN:11,(anonymous_1)
FN:38,(anonymous_2)
FNF:3
FNH:3
FNDA:6,(anonymous_0)
FNDA:1,(anonymous_1)
FNDA:1,(anonymous_2)
DA:6,2
DA:9,6
DA:11,6
DA:12,1
DA:15,6
DA:38,1
DA:48,2
LF:7
LH:7
BRDA:21,0,0,6
BRDA:21,0,1,3
BRDA:24,1,0,3
BRDA:24,1,1,3
BRF:4
BRH:4
end_of_record
TN:
SF:src\components\Rockets.jsx
FN:5,(anonymous_0)
FN:7,(anonymous_1)
FNF:2
FNH:2
FNDA:1,(anonymous_0)
FNDA:2,(anonymous_1)
DA:5,1
DA:6,1
DA:8,2
DA:20,1
LF:4
LH:4
BRF:0
BRH:0
end_of_record
TN:
SF:src\redux\store.js
FNF:0
FNH:0
DA:5,1
LF:1
LH:1
BRF:0
BRH:0
end_of_record
TN:
SF:src\redux\missions\missionsSlice.js
FN:10,(anonymous_0)
FN:14,(anonymous_1)
FN:29,(anonymous_2)
FN:30,(anonymous_3)
FN:38,(anonymous_4)
FN:39,(anonymous_5)
FN:48,(anonymous_6)
FN:49,(anonymous_7)
FNF:8
FNH:8
FNDA:1,(anonymous_0)
FNDA:10,(anonymous_1)
FNDA:1,(anonymous_2)
FNDA:10,(anonymous_3)
FNDA:1,(anonymous_4)
FNDA:10,(anonymous_5)
FNDA:1,(anonymous_6)
FNDA:1,(anonymous_7)
DA:4,3
DA:8,3
DA:11,1
DA:12,1
DA:13,1
DA:14,10
DA:18,1
DA:20,0
DA:25,3
DA:30,1
DA:31,10
DA:32,0
DA:34,10
DA:36,1
DA:39,1
DA:40,10
DA:41,0
DA:43,10
DA:45,1
DA:49,1
DA:50,1
DA:55,3
LF:22
LH:19
BRDA:31,0,0,0
BRDA:31,0,1,10
BRDA:40,1,0,0
BRDA:40,1,1,10
BRF:4
BRH:2
end_of_record
TN:
SF:src\redux\rockets\rocketSlice.js
FN:5,(anonymous_0)
FN:9,(anonymous_1)
FN:26,(anonymous_2)
FN:27,(anonymous_3)
FN:36,(anonymous_4)
FN:38,(anonymous_5)
FN:43,(anonymous_6)
FN:44,(anonymous_7)
FNF:8
FNH:6
FNDA:0,(anonymous_0)
FNDA:0,(anonymous_1)
FNDA:1,(anonymous_2)
FNDA:2,(anonymous_3)
FNDA:1,(anonymous_4)
FNDA:2,(anonymous_5)
FNDA:3,(anonymous_6)
FNDA:1,(anonymous_7)
DA:3,4
DA:5,4
DA:6,0
DA:7,0
DA:8,0
DA:9,0
DA:13,0
DA:15,0
DA:19,4
DA:22,4
DA:27,1
DA:28,2
DA:29,1
DA:31,1
DA:33,1
DA:36,1
DA:38,2
DA:44,3
DA:45,1
DA:50,4
DA:51,4
LF:21
LH:15
BRDA:28,0,0,1
BRDA:28,0,1,1
BRDA:38,1,0,1
BRDA:38,1,1,1
BRF:4
BRH:4
end_of_record
